# JRE version: Java(TM) SE Runtime Environment (8.0_271-b09) (build 1.8.0_271-b09)
# Java VM: Java HotSpot(TM) 64-Bit Server VM (25.271-b09 mixed mode windows-amd64 compressed oops)
Heap:
 PSYoungGen      total 641024K, used 25064K [0x000000078b400000, 0x00000007bbe00000, 0x00000007c0000000)
  eden space 615936K, 0% used [0x000000078b400000,0x000000078b400000,0x00000007b0d80000)
  from space 25088K, 99% used [0x00000007ba580000,0x00000007bbdfa090,0x00000007bbe00000)
  to   space 43008K, 0% used [0x00000007b6a00000,0x00000007b6a00000,0x00000007b9400000)
 ParOldGen       total 271872K, used 182496K [0x0000000721c00000, 0x0000000732580000, 0x000000078b400000)
  object space 271872K, 67% used [0x0000000721c00000,0x000000072ce380b8,0x0000000732580000)
 Metaspace       used 98943K, capacity 107952K, committed 108200K, reserved 1142784K
  class space    used 11885K, capacity 13874K, committed 13992K, reserved 1048576K
GC Heap History (10 events):
Event: 6721.107 GC heap after
Heap after GC invocations=65 (full 21):
 PSYoungGen      total 720384K, used 19304K [0x000000078b400000, 0x00000007bdd80000, 0x00000007c0000000)
  eden space 700928K, 0% used [0x000000078b400000,0x000000078b400000,0x00000007b6080000)
  from space 19456K, 99% used [0x00000007bca80000,0x00000007bdd5a090,0x00000007bdd80000)
  to   space 29696K, 0% used [0x00000007ba380000,0x00000007ba380000,0x00000007bc080000)
 ParOldGen       total 271872K, used 151890K [0x0000000721c00000, 0x0000000732580000, 0x000000078b400000)
  object space 271872K, 55% used [0x0000000721c00000,0x000000072b054ac0,0x0000000732580000)
 Metaspace       used 95306K, capacity 103658K, committed 103720K, reserved 1140736K
  class space    used 11536K, capacity 13327K, committed 13352K, reserved 1048576K
}
Event: 11239.609 GC heap before
{Heap before GC invocations=66 (full 21):
 PSYoungGen      total 720384K, used 720232K [0x000000078b400000, 0x00000007bdd80000, 0x00000007c0000000)
  eden space 700928K, 100% used [0x000000078b400000,0x00000007b6080000,0x00000007b6080000)
  from space 19456K, 99% used [0x00000007bca80000,0x00000007bdd5a090,0x00000007bdd80000)
  to   space 29696K, 0% used [0x00000007ba380000,0x00000007ba380000,0x00000007bc080000)
 ParOldGen       total 271872K, used 151890K [0x0000000721c00000, 0x0000000732580000, 0x000000078b400000)
  object space 271872K, 55% used [0x0000000721c00000,0x000000072b054ac0,0x0000000732580000)
 Metaspace       used 95724K, capacity 104126K, committed 104360K, reserved 1140736K
  class space    used 11583K, capacity 13382K, committed 13480K, reserved 1048576K
Event: 11239.652 GC heap after
Heap after GC invocations=66 (full 21):
 PSYoungGen      total 697856K, used 26128K [0x000000078b400000, 0x00000007bcb00000, 0x00000007c0000000)
  eden space 671232K, 0% used [0x000000078b400000,0x000000078b400000,0x00000007b4380000)
  from space 26624K, 98% used [0x00000007ba380000,0x00000007bbd043c8,0x00000007bbd80000)
  to   space 13824K, 0% used [0x00000007bbd80000,0x00000007bbd80000,0x00000007bcb00000)
 ParOldGen       total 271872K, used 151898K [0x0000000721c00000, 0x0000000732580000, 0x000000078b400000)
  object space 271872K, 55% used [0x0000000721c00000,0x000000072b056ac0,0x0000000732580000)
 Metaspace       used 95724K, capacity 104126K, committed 104360K, reserved 1140736K
  class space    used 11583K, capacity 13382K, committed 13480K, reserved 1048576K
}
Event: 11342.214 GC heap before
{Heap before GC invocations=67 (full 21):
 PSYoungGen      total 697856K, used 697351K [0x000000078b400000, 0x00000007bcb00000, 0x00000007c0000000)
  eden space 671232K, 99% used [0x000000078b400000,0x00000007b437d8d8,0x00000007b4380000)
  from space 26624K, 98% used [0x00000007ba380000,0x00000007bbd043c8,0x00000007bbd80000)
  to   space 13824K, 0% used [0x00000007bbd80000,0x00000007bbd80000,0x00000007bcb00000)
 ParOldGen       total 271872K, used 151898K [0x0000000721c00000, 0x0000000732580000, 0x000000078b400000)
  object space 271872K, 55% used [0x0000000721c00000,0x000000072b056ac0,0x0000000732580000)
 Metaspace       used 96715K, capacity 105418K, committed 105512K, reserved 1140736K
  class space    used 11687K, capacity 13564K, committed 13608K, reserved 1048576K
Event: 11342.277 GC heap after
Heap after GC invocations=67 (full 21):
 PSYoungGen      total 656896K, used 13800K [0x000000078b400000, 0x00000007bcb00000, 0x00000007c0000000)
  eden space 643072K, 0% used [0x000000078b400000,0x000000078b400000,0x00000007b2800000)
  from space 13824K, 99% used [0x00000007bbd80000,0x00000007bcafa090,0x00000007bcb00000)
  to   space 35840K, 0% used [0x00000007b8500000,0x00000007b8500000,0x00000007ba800000)
 ParOldGen       total 271872K, used 171586K [0x0000000721c00000, 0x0000000732580000, 0x000000078b400000)
  object space 271872K, 63% used [0x0000000721c00000,0x000000072c3909a0,0x0000000732580000)
 Metaspace       used 96715K, capacity 105418K, committed 105512K, reserved 1140736K
  class space    used 11687K, capacity 13564K, committed 13608K, reserved 1048576K
}
Event: 11400.698 GC heap before
{Heap before GC invocations=68 (full 21):
 PSYoungGen      total 656896K, used 656872K [0x000000078b400000, 0x00000007bcb00000, 0x00000007c0000000)
  eden space 643072K, 100% used [0x000000078b400000,0x00000007b2800000,0x00000007b2800000)
  from space 13824K, 99% used [0x00000007bbd80000,0x00000007bcafa090,0x00000007bcb00000)
  to   space 35840K, 0% used [0x00000007b8500000,0x00000007b8500000,0x00000007ba800000)
 ParOldGen       total 271872K, used 171586K [0x0000000721c00000, 0x0000000732580000, 0x000000078b400000)
  object space 271872K, 63% used [0x0000000721c00000,0x000000072c3909a0,0x0000000732580000)
 Metaspace       used 98182K, capacity 107094K, committed 107304K, reserved 1142784K
  class space    used 11826K, capacity 13783K, committed 13864K, reserved 1048576K
Event: 11400.741 GC heap after
Heap after GC invocations=68 (full 21):
 PSYoungGen      total 649216K, used 33025K [0x000000078b400000, 0x00000007bbe00000, 0x00000007c0000000)
  eden space 615936K, 0% used [0x000000078b400000,0x000000078b400000,0x00000007b0d80000)
  from space 33280K, 99% used [0x00000007b8500000,0x00000007ba540558,0x00000007ba580000)
  to   space 25088K, 0% used [0x00000007ba580000,0x00000007ba580000,0x00000007bbe00000)
 ParOldGen       total 271872K, used 171594K [0x0000000721c00000, 0x0000000732580000, 0x000000078b400000)
  object space 271872K, 63% used [0x0000000721c00000,0x000000072c3929a0,0x0000000732580000)
 Metaspace       used 98182K, capacity 107094K, committed 107304K, reserved 1142784K
  class space    used 11826K, capacity 13783K, committed 13864K, reserved 1048576K
}
Event: 11473.918 GC heap before
{Heap before GC invocations=69 (full 21):
 PSYoungGen      total 649216K, used 576037K [0x000000078b400000, 0x00000007bbe00000, 0x00000007c0000000)
  eden space 615936K, 88% used [0x000000078b400000,0x00000007ac649270,0x00000007b0d80000)
  from space 33280K, 99% used [0x00000007b8500000,0x00000007ba540558,0x00000007ba580000)
  to   space 25088K, 0% used [0x00000007ba580000,0x00000007ba580000,0x00000007bbe00000)
 ParOldGen       total 271872K, used 171594K [0x0000000721c00000, 0x0000000732580000, 0x000000078b400000)
  object space 271872K, 63% used [0x0000000721c00000,0x000000072c3929a0,0x0000000732580000)
 Metaspace       used 98943K, capacity 107952K, committed 108200K, reserved 1142784K
  class space    used 11885K, capacity 13874K, committed 13992K, reserved 1048576K
Event: 11474.029 GC heap after
Heap after GC invocations=69 (full 21):
 PSYoungGen      total 641024K, used 25064K [0x000000078b400000, 0x00000007bbe00000, 0x00000007c0000000)
  eden space 615936K, 0% used [0x000000078b400000,0x000000078b400000,0x00000007b0d80000)
  from space 25088K, 99% used [0x00000007ba580000,0x00000007bbdfa090,0x00000007bbe00000)
  to   space 43008K, 0% used [0x00000007b6a00000,0x00000007b6a00000,0x00000007b9400000)
 ParOldGen       total 271872K, used 182496K [0x0000000721c00000, 0x0000000732580000, 0x000000078b400000)
  object space 271872K, 67% used [0x0000000721c00000,0x000000072ce380b8,0x0000000732580000)
 Metaspace       used 98943K, capacity 107952K, committed 108200K, reserved 1142784K
  class space    used 11885K, capacity 13874K, committed 13992K, reserved 1048576K
}
Event: 11474.029 GC heap before
{Heap before GC invocations=70 (full 22):
 PSYoungGen      total 641024K, used 25064K [0x000000078b400000, 0x00000007bbe00000, 0x00000007c0000000)
  eden space 615936K, 0% used [0x000000078b400000,0x000000078b400000,0x00000007b0d80000)
  from space 25088K, 99% used [0x00000007ba580000,0x00000007bbdfa090,0x00000007bbe00000)
  to   space 43008K, 0% used [0x00000007b6a00000,0x00000007b6a00000,0x00000007b9400000)
 ParOldGen       total 271872K, used 182496K [0x0000000721c00000, 0x0000000732580000, 0x000000078b400000)
  object space 271872K, 67% used [0x0000000721c00000,0x000000072ce380b8,0x0000000732580000)
 Metaspace       used 98943K, capacity 107952K, committed 108200K, reserved 1142784K
  class space    used 11885K, capacity 13874K, committed 13992K, reserved 1048576K

